#
# A fatal error has been detected by the Java Runtime Environment:
#
#  SIGSEGV (0xb) at pc=0xb4c5aaf7, pid=2671, tid=3079129968
#
# JRE version: 6.0_20-b20
# Java VM: OpenJDK Server VM (19.0-b09 mixed mode linux-x86 )
# Derivative: IcedTea6 1.9.10
# Distribution: Ubuntu 10.10, package 6b20-1.9.10-0ubuntu1~10.10.2
# Problematic frame:
# J  com.sun.tools.javac.zip.ZipFileIndex$ZipDirectory.buildIndex()V
#
# If you would like to submit a bug report, please include
# instructions how to reproduce the bug and visit:
#   https://bugs.launchpad.net/ubuntu/+source/openjdk-6/
#

---------------  T H R E A D  ---------------

Current thread (0x08fb4400):  JavaThread "main" [_thread_in_Java, id=2679, stack(0xb782c000,0xb787d000)]

siginfo:si_signo=SIGSEGV: si_errno=0, si_code=128 (), si_addr=0x00000000

Registers:
EAX=0x000011c3, EBX=0xb12c1730, ECX=0xb1263188, EDX=0x000011c3
ESP=0xb787abb0, EBP=0x00000034, ESI=0xb4c5aafc, EDI=0xb12c17a8
EIP=0xb4c5aaf7, CR2=0x00000004, EFLAGS=0x00010283

Register to memory mapping:

EAX=0x000011c3
0x000011c3 is pointing to unknown location

EBX=0xb12c1730

[error occurred during error reporting (printing registers, top of stack, instructions near pc), id 0xe0000000]

Stack: [0xb782c000,0xb787d000],  sp=0xb787abb0,  free space=314k
Native frames: (J=compiled Java code, j=interpreted, Vv=VM code, C=native code)
J  com.sun.tools.javac.zip.ZipFileIndex$ZipDirectory.buildIndex()V

[error occurred during error reporting (printing native stack), id 0xb]


---------------  P R O C E S S  ---------------

Java Threads: ( => current thread )
  0x7c259400 JavaThread "pool-1-thread-5" [_thread_blocked, id=2698, stack(0x7c60d000,0x7c65e000)]
  0x7c5b9800 JavaThread "pool-1-thread-4" [_thread_blocked, id=2697, stack(0x7c65e000,0x7c6af000)]
  0x7c775000 JavaThread "pool-1-thread-3" [_thread_blocked, id=2696, stack(0x7c6af000,0x7c700000)]
  0x7bf3a400 JavaThread "pool-1-thread-2" [_thread_blocked, id=2695, stack(0x7c846000,0x7c897000)]
  0x7c749c00 JavaThread "pool-1-thread-1" [_thread_blocked, id=2694, stack(0x7c897000,0x7c8e8000)]
  0x7d096400 JavaThread "Low Memory Detector" daemon [_thread_blocked, id=2688, stack(0x7c9aa000,0x7c9fb000)]
  0x7d094800 JavaThread "CompilerThread1" daemon [_thread_blocked, id=2687, stack(0x7c9fb000,0x7ca7c000)]
  0x7d092400 JavaThread "CompilerThread0" daemon [_thread_blocked, id=2686, stack(0x7ca7c000,0x7cafd000)]
  0x7d091000 JavaThread "Signal Dispatcher" daemon [_thread_blocked, id=2685, stack(0x7cafd000,0x7cb4e000)]
  0x7d081400 JavaThread "Finalizer" daemon [_thread_blocked, id=2684, stack(0x7cd4e000,0x7cd9f000)]
  0x7d080000 JavaThread "Reference Handler" daemon [_thread_blocked, id=2683, stack(0x7cd9f000,0x7cdf0000)]
=>0x08fb4400 JavaThread "main" [_thread_in_Java, id=2679, stack(0xb782c000,0xb787d000)]

Other Threads:
  0x7d07c000 VMThread [stack: 0x7cdf0000,0x7ce71000] [id=2682]
  0x7d098400 WatcherThread [stack: 0x7c929000,0x7c9aa000] [id=2689]

VM state:not at safepoint (normal execution)

VM Mutex/Monitor currently owned by a thread: None

Heap
 PSYoungGen      total 233024K, used 205804K [0xa4c10000, 0xb4760000, 0xb4760000)
  eden space 212032K, 97% used [0xa4c10000,0xb150b2f0,0xb1b20000)
  from space 20992K, 0% used [0xb32e0000,0xb32e0000,0xb4760000)
  to   space 22656K, 0% used [0xb1b20000,0xb1b20000,0xb3140000)
 PSOldGen        total 107840K, used 72895K [0x85560000, 0x8beb0000, 0xa4c10000)
  object space 107840K, 67% used [0x85560000,0x89c8ffc0,0x8beb0000)
 PSPermGen       total 40960K, used 29907K [0x7d560000, 0x7fd60000, 0x85560000)
  object space 40960K, 73% used [0x7d560000,0x7f294ef0,0x7fd60000)

Dynamic libraries:
00110000-00117000 r-xp 00000000 08:01 2777340    /lib/librt-2.12.1.so
00117000-00118000 r--p 00006000 08:01 2777340    /lib/librt-2.12.1.so
00118000-00119000 rw-p 00007000 08:01 2777340    /lib/librt-2.12.1.so
0011b000-0011d000 r-xp 00000000 08:01 2777327    /lib/libdl-2.12.1.so
0011d000-0011e000 r--p 00001000 08:01 2777327    /lib/libdl-2.12.1.so
0011e000-0011f000 rw-p 00002000 08:01 2777327    /lib/libdl-2.12.1.so
0011f000-00143000 r-xp 00000000 08:01 2777328    /lib/libm-2.12.1.so
00143000-00144000 r--p 00023000 08:01 2777328    /lib/libm-2.12.1.so
00144000-00145000 rw-p 00024000 08:01 2777328    /lib/libm-2.12.1.so
00145000-00158000 r-xp 00000000 08:01 2777330    /lib/libnsl-2.12.1.so
00158000-00159000 r--p 00012000 08:01 2777330    /lib/libnsl-2.12.1.so
00159000-0015a000 rw-p 00013000 08:01 2777330    /lib/libnsl-2.12.1.so
0015a000-0015c000 rw-p 00000000 00:00 0 
0015c000-00165000 r-xp 00000000 08:01 2777335    /lib/libnss_nis-2.12.1.so
00165000-00166000 r--p 00008000 08:01 2777335    /lib/libnss_nis-2.12.1.so
00166000-00167000 rw-p 00009000 08:01 2777335    /lib/libnss_nis-2.12.1.so
00169000-0017c000 r-xp 00000000 08:01 2777282    /lib/libz.so.1.2.3.4
0017c000-0017d000 r--p 00012000 08:01 2777282    /lib/libz.so.1.2.3.4
0017d000-0017e000 rw-p 00013000 08:01 2777282    /lib/libz.so.1.2.3.4
0017e000-002d5000 r-xp 00000000 08:01 2777174    /lib/libc-2.12.1.so
002d5000-002d7000 r--p 00157000 08:01 2777174    /lib/libc-2.12.1.so
002d7000-002d8000 rw-p 00159000 08:01 2777174    /lib/libc-2.12.1.so
002d8000-002db000 rw-p 00000000 00:00 0 
002db000-002e5000 r-xp 00000000 08:01 2777333    /lib/libnss_files-2.12.1.so
002e5000-002e6000 r--p 00009000 08:01 2777333    /lib/libnss_files-2.12.1.so
002e6000-002e7000 rw-p 0000a000 08:01 2777333    /lib/libnss_files-2.12.1.so
002e7000-002ed000 r-xp 00000000 08:01 33497      /usr/lib/jvm/java-6-openjdk/jre/lib/i386/libzip.so
002ed000-002ee000 r--p 00005000 08:01 33497      /usr/lib/jvm/java-6-openjdk/jre/lib/i386/libzip.so
002ee000-002ef000 rw-p 00006000 08:01 33497      /usr/lib/jvm/java-6-openjdk/jre/lib/i386/libzip.so
002ef000-00303000 r-xp 00000000 08:01 11756179   /usr/lib/libnssutil3.so
00303000-00304000 ---p 00014000 08:01 11756179   /usr/lib/libnssutil3.so
00304000-00307000 r--p 00014000 08:01 11756179   /usr/lib/libnssutil3.so
00307000-00308000 rw-p 00017000 08:01 11756179   /usr/lib/libnssutil3.so
00308000-0030a000 r-xp 00000000 08:01 11757783   /usr/lib/libplds4.so
0030a000-0030b000 r--p 00001000 08:01 11757783   /usr/lib/libplds4.so
0030b000-0030c000 rw-p 00002000 08:01 11757783   /usr/lib/libplds4.so
0030c000-0030e000 r-xp 00000000 08:01 2777205    /lib/libnss_mdns4_minimal.so.2
0030e000-0030f000 r--p 00001000 08:01 2777205    /lib/libnss_mdns4_minimal.so.2
0030f000-00310000 rw-p 00002000 08:01 2777205    /lib/libnss_mdns4_minimal.so.2
00310000-00332000 r-xp 00000000 08:01 33373      /usr/lib/jvm/java-6-openjdk/jre/lib/i386/libjava.so
00332000-00333000 r--p 00021000 08:01 33373      /usr/lib/jvm/java-6-openjdk/jre/lib/i386/libjava.so
00333000-00335000 rw-p 00022000 08:01 33373      /usr/lib/jvm/java-6-openjdk/jre/lib/i386/libjava.so
00335000-00365000 r-xp 00000000 08:01 11757722   /usr/lib/libnspr4.so
00365000-00366000 r--p 0002f000 08:01 11757722   /usr/lib/libnspr4.so
00366000-00367000 rw-p 00030000 08:01 11757722   /usr/lib/libnspr4.so
00367000-00369000 rw-p 00000000 00:00 0 
00369000-003a0000 r-xp 00000000 08:01 7135234    /usr/lib/nss/libsoftokn3.so
003a0000-003a1000 r--p 00037000 08:01 7135234    /usr/lib/nss/libsoftokn3.so
003a1000-003a2000 rw-p 00038000 08:01 7135234    /usr/lib/nss/libsoftokn3.so
003a2000-003b6000 r-xp 00000000 08:01 33490      /usr/lib/jvm/java-6-openjdk/jre/lib/i386/libnet.so
003b6000-003b7000 r--p 00013000 08:01 33490      /usr/lib/jvm/java-6-openjdk/jre/lib/i386/libnet.so
003b7000-003b8000 rw-p 00014000 08:01 33490      /usr/lib/jvm/java-6-openjdk/jre/lib/i386/libnet.so
003b8000-003c8000 r-xp 00000000 08:01 2777339    /lib/libresolv-2.12.1.so
003c8000-003c9000 r--p 00010000 08:01 2777339    /lib/libresolv-2.12.1.so
003c9000-003ca000 rw-p 00011000 08:01 2777339    /lib/libresolv-2.12.1.so
003ca000-003cc000 rw-p 00000000 00:00 0 
003cc000-003d3000 r-xp 00000000 08:01 33491      /usr/lib/jvm/java-6-openjdk/jre/lib/i386/libnio.so
003d3000-003d4000 r--p 00006000 08:01 33491      /usr/lib/jvm/java-6-openjdk/jre/lib/i386/libnio.so
003d4000-003d5000 rw-p 00007000 08:01 33491      /usr/lib/jvm/java-6-openjdk/jre/lib/i386/libnio.so
003e1000-004ee000 r-xp 00000000 08:01 11756373   /usr/lib/libnss3.so
004ee000-004f1000 r--p 0010c000 08:01 11756373   /usr/lib/libnss3.so
004f1000-004f3000 rw-p 0010f000 08:01 11756373   /usr/lib/libnss3.so
0052a000-0053f000 r-xp 00000000 08:01 2777338    /lib/libpthread-2.12.1.so
0053f000-00540000 ---p 00015000 08:01 2777338    /lib/libpthread-2.12.1.so
00540000-00541000 r--p 00015000 08:01 2777338    /lib/libpthread-2.12.1.so
00541000-00542000 rw-p 00016000 08:01 2777338    /lib/libpthread-2.12.1.so
00542000-00544000 rw-p 00000000 00:00 0 
00544000-005cc000 r-xp 00000000 08:01 11756969   /usr/lib/libsqlite3.so.0.8.6
005cc000-005cd000 r--p 00088000 08:01 11756969   /usr/lib/libsqlite3.so.0.8.6
005cd000-005ce000 rw-p 00089000 08:01 11756969   /usr/lib/libsqlite3.so.0.8.6
005ce000-00619000 r-xp 00000000 08:01 7135233    /usr/lib/nss/libfreebl3.so
00619000-0061a000 r--p 0004a000 08:01 7135233    /usr/lib/nss/libfreebl3.so
0061a000-0061b000 rw-p 0004b000 08:01 7135233    /usr/lib/nss/libfreebl3.so
0061b000-0061f000 rw-p 00000000 00:00 0 
006e5000-006e8000 r-xp 00000000 08:01 11757781   /usr/lib/libplc4.so
006e8000-006e9000 r--p 00002000 08:01 11757781   /usr/lib/libplc4.so
006e9000-006ea000 rw-p 00003000 08:01 11757781   /usr/lib/libplc4.so
006ef000-006f3000 r-xp 00000000 08:01 2777332    /lib/libnss_dns-2.12.1.so
006f3000-006f4000 r--p 00004000 08:01 2777332    /lib/libnss_dns-2.12.1.so
006f4000-006f5000 rw-p 00005000 08:01 2777332    /lib/libnss_dns-2.12.1.so
00720000-0073c000 r-xp 00000000 08:01 2777091    /lib/ld-2.12.1.so
0073c000-0073d000 r--p 0001b000 08:01 2777091    /lib/ld-2.12.1.so
0073d000-0073e000 rw-p 0001c000 08:01 2777091    /lib/ld-2.12.1.so
00745000-00750000 r-xp 00000000 08:01 33496      /usr/lib/jvm/java-6-openjdk/jre/lib/i386/libverify.so
00750000-00751000 ---p 0000b000 08:01 33496      /usr/lib/jvm/java-6-openjdk/jre/lib/i386/libverify.so
00751000-00752000 r--p 0000b000 08:01 33496      /usr/lib/jvm/java-6-openjdk/jre/lib/i386/libverify.so
00752000-00753000 rw-p 0000c000 08:01 33496      /usr/lib/jvm/java-6-openjdk/jre/lib/i386/libverify.so
00803000-00809000 r-xp 00000000 08:01 2777331    /lib/libnss_compat-2.12.1.so
00809000-0080a000 r--p 00006000 08:01 2777331    /lib/libnss_compat-2.12.1.so
0080a000-0080b000 rw-p 00007000 08:01 2777331    /lib/libnss_compat-2.12.1.so
0091a000-00920000 r-xp 00000000 08:01 33498      /usr/lib/jvm/java-6-openjdk/jre/lib/i386/native_threads/libhpi.so
00920000-00921000 r--p 00005000 08:01 33498      /usr/lib/jvm/java-6-openjdk/jre/lib/i386/native_threads/libhpi.so
00921000-00922000 rw-p 00006000 08:01 33498      /usr/lib/jvm/java-6-openjdk/jre/lib/i386/native_threads/libhpi.so
009f6000-00a03000 r-xp 00000000 08:01 33370      /usr/lib/jvm/java-6-openjdk/jre/lib/i386/libj2pkcs11.so
00a03000-00a04000 r--p 0000c000 08:01 33370      /usr/lib/jvm/java-6-openjdk/jre/lib/i386/libj2pkcs11.so
00a04000-00a05000 rw-p 0000d000 08:01 33370      /usr/lib/jvm/java-6-openjdk/jre/lib/i386/libj2pkcs11.so
00a16000-00a17000 r-xp 00000000 00:00 0          [vdso]
00a6a000-00a6d000 r-xp 00000000 08:01 32796      /usr/lib/jvm/java-6-openjdk/jre/lib/i386/jli/libjli.so
00a6d000-00a6e000 r--p 00002000 08:01 32796      /usr/lib/jvm/java-6-openjdk/jre/lib/i386/jli/libjli.so
00a6e000-00a6f000 rw-p 00003000 08:01 32796      /usr/lib/jvm/java-6-openjdk/jre/lib/i386/jli/libjli.so
00a6f000-01134000 r-xp 00000000 08:01 33499      /usr/lib/jvm/java-6-openjdk/jre/lib/i386/server/libjvm.so
01134000-01179000 r--p 006c4000 08:01 33499      /usr/lib/jvm/java-6-openjdk/jre/lib/i386/server/libjvm.so
01179000-01188000 rw-p 00709000 08:01 33499      /usr/lib/jvm/java-6-openjdk/jre/lib/i386/server/libjvm.so
01188000-015a7000 rw-p 00000000 00:00 0 
08048000-08051000 r-xp 00000000 08:01 33519      /usr/lib/jvm/java-6-openjdk/jre/bin/java
08051000-08052000 r--p 00008000 08:01 33519      /usr/lib/jvm/java-6-openjdk/jre/bin/java
08052000-08053000 rw-p 00009000 08:01 33519      /usr/lib/jvm/java-6-openjdk/jre/bin/java
08fae000-0a5c0000 rw-p 00000000 00:00 0          [heap]
7a000000-7a0f7000 rw-p 00000000 00:00 0 
7a0f7000-7a100000 ---p 00000000 00:00 0 
7a200000-7a2ff000 rw-p 00000000 00:00 0 
7a2ff000-7a300000 ---p 00000000 00:00 0 
7a300000-7a3fa000 rw-p 00000000 00:00 0 
7a3fa000-7a400000 ---p 00000000 00:00 0 
7a400000-7a4f2000 rw-p 00000000 00:00 0 
7a4f2000-7a500000 ---p 00000000 00:00 0 
7a500000-7a600000 rw-p 00000000 00:00 0 
7a600000-7a6fa000 rw-p 00000000 00:00 0 
7a6fa000-7a700000 ---p 00000000 00:00 0 
7a800000-7a8e9000 rw-p 00000000 00:00 0 
7a8e9000-7a900000 ---p 00000000 00:00 0 
7a900000-7a9ed000 rw-p 00000000 00:00 0 
7a9ed000-7aa00000 ---p 00000000 00:00 0 
7aa00000-7aafc000 rw-p 00000000 00:00 0 
7aafc000-7ab00000 ---p 00000000 00:00 0 
7ab00000-7abe1000 rw-p 00000000 00:00 0 
7abe1000-7ac00000 ---p 00000000 00:00 0 
7ad00000-7adeb000 rw-p 00000000 00:00 0 
7adeb000-7ae00000 ---p 00000000 00:00 0 
7ae00000-7aefa000 rw-p 00000000 00:00 0 
7aefa000-7af00000 ---p 00000000 00:00 0 
7af00000-7affb000 rw-p 00000000 00:00 0 
7affb000-7b000000 ---p 00000000 00:00 0 
7b000000-7b100000 rw-p 00000000 00:00 0 
7b200000-7b400000 rw-p 00000000 00:00 0 
7b400000-7b600000 rw-p 00000000 00:00 0 
7b600000-7b6fc000 rw-p 00000000 00:00 0 
7b6fc000-7b700000 ---p 00000000 00:00 0 
7b700000-7b800000 rw-p 00000000 00:00 0 
7b800000-7b8c5000 rw-p 00000000 00:00 0 
7b8c5000-7b900000 ---p 00000000 00:00 0 
7b900000-7b9ff000 rw-p 00000000 00:00 0 
7b9ff000-7ba00000 ---p 00000000 00:00 0 
7ba00000-7bafa000 rw-p 00000000 00:00 0 
7bafa000-7bb00000 ---p 00000000 00:00 0 
7bc00000-7bcfb000 rw-p 00000000 00:00 0 
7bcfb000-7bd00000 ---p 00000000 00:00 0 
7bd0d000-7bd10000 ---p 00000000 00:00 0 
7bd10000-7bd5e000 rw-p 00000000 00:00 0 
7bd5e000-7bd61000 ---p 00000000 00:00 0 
7bd61000-7bdaf000 rw-p 00000000 00:00 0 
7bdaf000-7bdb2000 ---p 00000000 00:00 0 
7bdb2000-7be00000 rw-p 00000000 00:00 0 
7be00000-7beff000 rw-p 00000000 00:00 0 
7beff000-7bf00000 ---p 00000000 00:00 0 
7bf00000-7c000000 rw-p 00000000 00:00 0 
7c04e000-7c0ad000 r--s 00d86000 08:01 12157006   /usr/lib/jvm/java-6-openjdk/lib/tools.jar
7c0ad000-7c0b0000 ---p 00000000 00:00 0 
7c0b0000-7c0fe000 rw-p 00000000 00:00 0 
7c0fe000-7c100000 r--s 0000c000 08:01 6267148    /home/julien/.m2/repository/com/mycila/maven-license-plugin/maven-license-plugin/1.9.0/maven-license-plugin-1.9.0.jar
7c100000-7c1fb000 rw-p 00000000 00:00 0 
7c1fb000-7c200000 ---p 00000000 00:00 0 
7c200000-7c2bf000 rw-p 00000000 00:00 0 
7c2bf000-7c300000 ---p 00000000 00:00 0 
7c300000-7c3f7000 rw-p 00000000 00:00 0 
7c3f7000-7c400000 ---p 00000000 00:00 0 
7c422000-7c423000 r--s 00002000 08:01 6390441    /home/julien/.m2/repository/org/codehaus/plexus/plexus-io/1.0-alpha-1/plexus-io-1.0-alpha-1.jar
7c423000-7c427000 r--s 00023000 08:01 6390438    /home/julien/.m2/repository/org/codehaus/plexus/plexus-archiver/1.0-alpha-9/plexus-archiver-1.0-alpha-9.jar
7c427000-7c429000 r--s 00003000 08:01 6390435    /home/julien/.m2/repository/org/apache/maven/maven-archiver/2.3/maven-archiver-2.3.jar
7c429000-7c42c000 r--s 0002f000 08:01 6268697    /home/julien/.m2/repository/org/codehaus/plexus/plexus-utils/1.4.9/plexus-utils-1.4.9.jar
7c42c000-7c42e000 r--s 00005000 08:01 6390285    /home/julien/.m2/repository/org/apache/maven/plugins/maven-jar-plugin/2.2/maven-jar-plugin-2.2.jar
7c42e000-7c42f000 r--s 00005000 08:01 6390273    /home/julien/.m2/repository/org/apache/maven/shared/maven-repository-builder/1.0-alpha-2/maven-repository-builder-1.0-alpha-2.jar
7c42f000-7c430000 r--s 00004000 08:01 6390258    /home/julien/.m2/repository/org/apache/maven/maven-archiver/2.4.1/maven-archiver-2.4.1.jar
7c430000-7c433000 r--s 0000a000 08:01 6390268    /home/julien/.m2/repository/org/codehaus/plexus/plexus-io/1.0.1/plexus-io-1.0.1.jar
7c433000-7c437000 r--s 00029000 08:01 6390255    /home/julien/.m2/repository/org/codehaus/plexus/plexus-archiver/1.1/plexus-archiver-1.1.jar
7c437000-7c43a000 ---p 00000000 00:00 0 
7c43a000-7c488000 rw-p 00000000 00:00 0 
7c488000-7c48a000 r--s 00004000 08:01 6268364    /home/julien/.m2/repository/org/apache/maven/reporting/maven-reporting-impl/2.0.5/maven-reporting-impl-2.0.5.jar
7c48a000-7c48c000 r--s 00007000 08:01 6390267    /home/julien/.m2/repository/org/apache/maven/shared/maven-filtering/1.0-beta-4/maven-filtering-1.0-beta-4.jar
7c48c000-7c48e000 r--s 00006000 08:01 6390256    /home/julien/.m2/repository/org/apache/maven/shared/maven-common-artifact-filters/1.3/maven-common-artifact-filters-1.3.jar
7c48e000-7c490000 r--s 0000d000 08:01 6389920    /home/julien/.m2/repository/org/codehaus/plexus/plexus-interpolation/1.13/plexus-interpolation-1.13.jar
7c490000-7c493000 r--s 0000c000 08:01 6389917    /home/julien/.m2/repository/org/codehaus/plexus/plexus-io/2.0.1/plexus-io-2.0.1.jar
7c493000-7c497000 r--s 00028000 08:01 6389914    /home/julien/.m2/repository/org/codehaus/plexus/plexus-archiver/2.0.1/plexus-archiver-2.0.1.jar
7c497000-7c498000 r--s 00004000 08:01 6389908    /home/julien/.m2/repository/org/apache/maven/maven-archiver/2.4.2/maven-archiver-2.4.2.jar
7c498000-7c49c000 r--s 00034000 08:01 6389909    /home/julien/.m2/repository/org/codehaus/plexus/plexus-utils/3.0/plexus-utils-3.0.jar
7c49c000-7c4a5000 r--s 00075000 08:01 6389836    /home/julien/.m2/repository/org/apache/maven/surefire/surefire-api/2.4.3/surefire-api-2.4.3.jar
7c4a5000-7c4ab000 r--s 0003c000 08:01 6389833    /home/julien/.m2/repository/org/apache/maven/surefire/surefire-booter/2.4.3/surefire-booter-2.4.3.jar
7c4ab000-7c4ad000 r--s 00002000 08:01 6389820    /home/julien/.m2/repository/org/codehaus/plexus/plexus-compiler-javac/1.8.1/plexus-compiler-javac-1.8.1.jar
7c4ad000-7c4af000 r--s 00000000 08:01 6389817    /home/julien/.m2/repository/org/codehaus/plexus/plexus-compiler-manager/1.8.1/plexus-compiler-manager-1.8.1.jar
7c4af000-7c4b0000 r--s 00004000 08:01 6389810    /home/julien/.m2/repository/org/codehaus/plexus/plexus-compiler-api/1.8.1/plexus-compiler-api-1.8.1.jar
7c4b0000-7c4b4000 r--s 00033000 08:01 6389807    /home/julien/.m2/repository/org/codehaus/plexus/plexus-utils/2.0.5/plexus-utils-2.0.5.jar
7c4b4000-7c4ba000 r--s 000fc000 08:01 11846443   /usr/lib/jvm/java-6-openjdk/jre/lib/resources.jar
7c4ba000-7c4bd000 r--s 00038000 08:01 32792      /usr/lib/jvm/java-6-openjdk/jre/lib/ext/sunpkcs11.jar
7c4bd000-7c4bf000 r--s 00013000 08:01 11846426   /usr/lib/jvm/java-6-openjdk/jre/lib/jce.jar
7c4bf000-7c4c2000 r--s 00031000 08:01 33346      /usr/lib/jvm/java-6-openjdk/jre/lib/ext/sunjce_provider.jar
7c4c2000-7c4c4000 r--s 0000b000 08:01 6268536    /home/julien/.m2/repository/org/codehaus/plexus/plexus-interpolation/1.6/plexus-interpolation-1.6.jar
7c4c4000-7c4c6000 r--s 00007000 08:01 6268537    /home/julien/.m2/repository/org/apache/maven/shared/maven-filtering/1.0-beta-2/maven-filtering-1.0-beta-2.jar
7c4c6000-7c4c7000 r--s 00005000 08:01 6268503    /home/julien/.m2/repository/org/apache/maven/plugins/maven-surefire-plugin/2.4.3/maven-surefire-plugin-2.4.3.jar
7c4c7000-7c4c9000 r--s 00006000 08:01 6268489    /home/julien/.m2/repository/org/apache/maven/plugins/maven-compiler-plugin/2.3.2/maven-compiler-plugin-2.3.2.jar
7c4c9000-7c4cb000 r--s 00004000 08:01 6268481    /home/julien/.m2/repository/org/apache/maven/plugins/maven-resources-plugin/2.3/maven-resources-plugin-2.3.jar
7c4cb000-7c4cc000 r--s 00007000 08:01 6268473    /home/julien/.m2/repository/org/apache/maven/plugins/maven-jar-plugin/2.3.2/maven-jar-plugin-2.3.2.jar
7c4cc000-7c4d0000 r--s 00032000 08:01 6268457    /home/julien/.m2/repository/org/apache/maven/plugins/maven-assembly-plugin/2.2/maven-assembly-plugin-2.2.jar
7c4d0000-7c4d1000 r--s 00002000 08:01 6268439    /home/julien/.m2/repository/org/codehaus/plexus/plexus-digest/1.0/plexus-digest-1.0.jar
7c4d1000-7c4d3000 r--s 00005000 08:01 6268427    /home/julien/.m2/repository/org/apache/maven/shared/maven-invoker/2.0.7/maven-invoker-2.0.7.jar
7c4d3000-7c4d4000 r--s 00007000 08:01 6268422    /home/julien/.m2/repository/org/apache/maven/shared/maven-plugin-testing-harness/1.1/maven-plugin-testing-harness-1.1.jar
7c4d4000-7c4d6000 r--s 00006000 08:01 6268416    /home/julien/.m2/repository/org/apache/maven/shared/maven-common-artifact-filters/1.2/maven-common-artifact-filters-1.2.jar
7c4d6000-7c4d8000 r--s 00007000 08:01 6268410    /home/julien/.m2/repository/org/apache/maven/shared/maven-dependency-tree/1.2/maven-dependency-tree-1.2.jar
7c4d8000-7c4da000 r--s 00009000 08:01 6268377    /home/julien/.m2/repository/asm/asm/3.0/asm-3.0.jar
7c4da000-7c4dc000 r--s 00005000 08:01 6268401    /home/julien/.m2/repository/org/apache/maven/shared/maven-dependency-analyzer/1.2/maven-dependency-analyzer-1.2.jar
7c4dc000-7c4de000 r--s 00007000 08:01 6268392    /home/julien/.m2/repository/org/apache/maven/shared/maven-shared-io/1.0/maven-shared-io-1.0.jar
7c4de000-7c4e0000 r--s 00006000 08:01 6268379    /home/julien/.m2/repository/org/apache/maven/shared/file-management/1.1/file-management-1.1.jar
7c4e0000-7c4e3000 r--s 0000a000 08:01 6268404    /home/julien/.m2/repository/org/codehaus/plexus/plexus-io/1.0-alpha-5/plexus-io-1.0-alpha-5.jar
7c4e3000-7c4e7000 r--s 00028000 08:01 6268393    /home/julien/.m2/repository/org/codehaus/plexus/plexus-archiver/1.0-alpha-12/plexus-archiver-1.0-alpha-12.jar
7c4e7000-7c4eb000 r--s 00026000 08:01 6268362    /home/julien/.m2/repository/commons-digester/commons-digester/1.6/commons-digester-1.6.jar
7c4eb000-7c4f0000 r--s 0002a000 08:01 6268376    /home/julien/.m2/repository/commons-beanutils/commons-beanutils/1.7.0/commons-beanutils-1.7.0.jar
7c4f0000-7c4f3000 r--s 00014000 08:01 6268365    /home/julien/.m2/repository/commons-validator/commons-validator/1.2.0/commons-validator-1.2.0.jar
7c4f3000-7c4f5000 r--s 00009000 08:01 6268363    /home/julien/.m2/repository/org/apache/maven/shared/maven-doxia-tools/1.0.2/maven-doxia-tools-1.0.2.jar
7c4f5000-7c4f7000 r--s 00004000 08:01 6268421    /home/julien/.m2/repository/org/apache/maven/doxia/doxia-module-xhtml/1.0/doxia-module-xhtml-1.0.jar
7c4f7000-7c4f9000 r--s 0000a000 08:01 6268398    /home/julien/.m2/repository/org/apache/maven/doxia/doxia-module-apt/1.0/doxia-module-apt-1.0.jar
7c4f9000-7c4fa000 r--s 0000b000 08:01 6268391    /home/julien/.m2/repository/org/apache/maven/doxia/doxia-decoration-model/1.0/doxia-decoration-model-1.0.jar
7c4fa000-7c4fb000 r--s 00001000 08:01 6268380    /home/julien/.m2/repository/org/codehaus/plexus/plexus-velocity/1.1.7/plexus-velocity-1.1.7.jar
7c4fb000-7c4fd000 r--s 0000a000 08:01 6268378    /home/julien/.m2/repository/org/apache/maven/doxia/doxia-site-renderer/1.0/doxia-site-renderer-1.0.jar
7c4fd000-7c500000 r--s 0000b000 08:01 6268361    /home/julien/.m2/repository/org/apache/maven/doxia/doxia-core/1.0/doxia-core-1.0.jar
7c500000-7c5f6000 rw-p 00000000 00:00 0 
7c5f6000-7c600000 ---p 00000000 00:00 0 
7c600000-7c601000 r--s 00001000 08:01 6390257    /home/julien/.m2/repository/org/sonatype/plexus/plexus-build-api/0.0.4/plexus-build-api-0.0.4.jar
7c601000-7c604000 r--s 0001e000 08:01 6267866    /home/julien/.m2/repository/org/mortbay/jetty/servlet-api-2.5/6.1.5/servlet-api-2.5-6.1.5.jar
7c604000-7c607000 r--s 0001f000 08:01 6267851    /home/julien/.m2/repository/org/mortbay/jetty/jetty-util/6.1.5/jetty-util-6.1.5.jar
7c607000-7c60d000 r--s 00071000 08:01 6267807    /home/julien/.m2/repository/org/mortbay/jetty/jetty/6.1.5/jetty-6.1.5.jar
7c60d000-7c610000 ---p 00000000 00:00 0 
7c610000-7c65e000 rw-p 00000000 00:00 0 
7c65e000-7c661000 ---p 00000000 00:00 0 
7c661000-7c6af000 rw-p 00000000 00:00 0 
7c6af000-7c6b2000 ---p 00000000 00:00 0 
7c6b2000-7c700000 rw-p 00000000 00:00 0 
7c700000-7c7fa000 rw-p 00000000 00:00 0 
7c7fa000-7c800000 ---p 00000000 00:00 0 
7c800000-7c801000 r--s 00006000 08:01 6268415    /home/julien/.m2/repository/org/apache/maven/doxia/doxia-module-xdoc/1.0/doxia-module-xdoc-1.0.jar
7c801000-7c804000 r--s 00020000 08:01 6267865    /home/julien/.m2/repository/org/codehaus/plexus/plexus-archiver/1.0-alpha-7/plexus-archiver-1.0-alpha-7.jar
7c804000-7c807000 r--s 00018000 08:01 6267816    /home/julien/.m2/repository/commons-io/commons-io/1.4/commons-io-1.4.jar
7c807000-7c809000 r--s 00009000 08:01 6267823    /home/julien/.m2/repository/org/apache/maven/shared/maven-doxia-tools/1.2/maven-doxia-tools-1.2.jar
7c809000-7c80b000 r--s 0000e000 08:01 6267808    /home/julien/.m2/repository/oro/oro/2.0.8/oro-2.0.8.jar
7c80b000-7c818000 r--s 0007f000 08:01 6267840    /home/julien/.m2/repository/commons-collections/commons-collections/3.2/commons-collections-3.2.jar
7c818000-7c820000 r--s 00058000 08:01 6267820    /home/julien/.m2/repository/org/apache/velocity/velocity/1.5/velocity-1.5.jar
7c820000-7c821000 r--s 00001000 08:01 6267857    /home/julien/.m2/repository/org/codehaus/plexus/plexus-velocity/1.1.8/plexus-velocity-1.1.8.jar
7c821000-7c822000 r--s 00002000 08:01 6267848    /home/julien/.m2/repository/org/codehaus/plexus/plexus-i18n/1.0-beta-7/plexus-i18n-1.0-beta-7.jar
7c822000-7c824000 r--s 0000b000 08:01 6267879    /home/julien/.m2/repository/org/apache/maven/doxia/doxia-site-renderer/1.1.2/doxia-site-renderer-1.1.2.jar
7c824000-7c826000 r--s 0000b000 08:01 6267876    /home/julien/.m2/repository/org/apache/maven/doxia/doxia-decoration-model/1.1.2/doxia-decoration-model-1.1.2.jar
7c826000-7c828000 r--s 00008000 08:01 6267869    /home/julien/.m2/repository/org/apache/maven/doxia/doxia-module-fml/1.1.2/doxia-module-fml-1.1.2.jar
7c828000-7c829000 r--s 00008000 08:01 6267864    /home/julien/.m2/repository/org/apache/maven/doxia/doxia-module-xdoc/1.1.2/doxia-module-xdoc-1.1.2.jar
7c829000-7c82b000 r--s 0000b000 08:01 6267856    /home/julien/.m2/repository/org/apache/maven/doxia/doxia-module-apt/1.1.2/doxia-module-apt-1.1.2.jar
7c82b000-7c82d000 r--s 00006000 08:01 6267836    /home/julien/.m2/repository/commons-codec/commons-codec/1.2/commons-codec-1.2.jar
7c82d000-7c82f000 r--s 00008000 08:01 6267833    /home/julien/.m2/repository/commons-logging/commons-logging/1.0.4/commons-logging-1.0.4.jar
7c82f000-7c846000 r--s 00112000 08:01 6267811    /home/julien/.m2/repository/xerces/xercesImpl/2.8.1/xercesImpl-2.8.1.jar
7c846000-7c849000 ---p 00000000 00:00 0 
7c849000-7c897000 rw-p 00000000 00:00 0 
7c897000-7c89a000 ---p 00000000 00:00 0 
7c89a000-7c8e8000 rw-p 00000000 00:00 0 
7c8e8000-7c929000 r--s 0032d000 08:01 66899      /usr/share/maven2/lib/maven-debian-uber.jar
7c929000-7c92a000 ---p 00000000 00:00 0 
7c92a000-7c9aa000 rw-p 00000000 00:00 0 
7c9aa000-7c9ad000 ---p 00000000 00:00 0 
7c9ad000-7c9fb000 rw-p 00000000 00:00 0 
7c9fb000-7c9fe000 ---p 00000000 00:00 0 
7c9fe000-7ca7c000 rw-p 00000000 00:00 0 
7ca7c000-7ca7f000 ---p 00000000 00:00 0 
7ca7f000-7cafd000 rw-p 00000000 00:00 0 
7cafd000-7cb00000 ---p 00000000 00:00 0 
7cb00000-7cb4e000 rw-p 00000000 00:00 0 
7cb4e000-7cd4e000 r--p 00000000 08:01 11764740   /usr/lib/locale/locale-archive
7cd4e000-7cd51000 ---p 00000000 00:00 0 
7cd51000-7cd9f000 rw-p 00000000 00:00 0 
7cd9f000-7cda2000 ---p 00000000 00:00 0 
7cda2000-7cdf0000 rw-p 00000000 00:00 0 
7cdf0000-7cdf1000 ---p 00000000 00:00 0 
7cdf1000-7ce71000 rw-p 00000000 00:00 0 
7ce71000-7d000000 r--s 038c4000 08:01 11846251   /usr/lib/jvm/java-6-openjdk/jre/lib/rt.jar
7d000000-7d0fe000 rw-p 00000000 00:00 0 
7d0fe000-7d100000 ---p 00000000 00:00 0 
7d100000-7d101000 r--s 00004000 08:01 6268407    /home/julien/.m2/repository/org/apache/maven/doxia/doxia-module-fml/1.0/doxia-module-fml-1.0.jar
7d101000-7d107000 r--s 00045000 08:01 6267810    /home/julien/.m2/repository/commons-httpclient/commons-httpclient/3.1/commons-httpclient-3.1.jar
7d107000-7d10b000 r--s 0002f000 08:01 6267832    /home/julien/.m2/repository/commons-lang/commons-lang/2.1/commons-lang-2.1.jar
7d10b000-7d113000 r--s 00028000 08:01 6267837    /home/julien/.m2/repository/xml-apis/xml-apis/1.3.03/xml-apis-1.3.03.jar
7d113000-7d117000 r--s 00023000 08:01 6267845    /home/julien/.m2/repository/org/apache/maven/doxia/doxia-core/1.1.2/doxia-core-1.1.2.jar
7d117000-7d118000 r--s 00003000 08:01 6267809    /home/julien/.m2/repository/org/apache/maven/doxia/doxia-module-xhtml/1.1.2/doxia-module-xhtml-1.1.2.jar
7d118000-7d11c000 r--s 00030000 08:01 6267819    /home/julien/.m2/repository/org/codehaus/plexus/plexus-utils/1.5.1/plexus-utils-1.5.1.jar
7d11c000-7d11d000 r--s 00005000 08:01 6267493    /home/julien/.m2/repository/org/apache/maven/plugins/maven-install-plugin/2.3/maven-install-plugin-2.3.jar
7d11d000-7d11f000 r--s 00013000 08:01 6267473    /home/julien/.m2/repository/org/apache/maven/plugins/maven-site-plugin/2.1/maven-site-plugin-2.1.jar
7d11f000-7d121000 r--s 00008000 08:01 6267453    /home/julien/.m2/repository/org/apache/maven/shared/maven-shared-io/1.1/maven-shared-io-1.1.jar
7d121000-7d123000 r--s 00008000 08:01 6267448    /home/julien/.m2/repository/org/apache/maven/shared/file-management/1.2.1/file-management-1.2.1.jar
7d123000-7d128000 r--s 00039000 08:01 6267447    /home/julien/.m2/repository/org/codehaus/plexus/plexus-utils/1.5.6/plexus-utils-1.5.6.jar
7d128000-7d12b000 r--s 0001d000 08:01 6267168    /home/julien/.m2/repository/org/apache/maven/plugins/maven-dependency-plugin/2.2/maven-dependency-plugin-2.2.jar
7d12b000-7d12d000 r--s 00003000 08:01 6267121    /home/julien/.m2/repository/org/apache/maven/plugins/maven-clean-plugin/2.3/maven-clean-plugin-2.3.jar
7d12d000-7d135000 r--s 00066000 08:01 11860643   /usr/share/java/gnome-java-bridge.jar
7d135000-7d168000 rw-p 00000000 00:00 0 
7d168000-7d169000 ---p 00000000 00:00 0 
7d169000-7d1e9000 rw-p 00000000 00:00 0 
7d1e9000-7d1ea000 ---p 00000000 00:00 0 
7d1ea000-7d27e000 rw-p 00000000 00:00 0 
7d27e000-7d2aa000 rw-p 00000000 00:00 0 
7d2aa000-7d2df000 rw-p 00000000 00:00 0 
7d2df000-7d3a6000 rw-p 00000000 00:00 0 
7d3a6000-7d3ba000 rw-p 00000000 00:00 0 
7d3ba000-7d3e6000 rw-p 00000000 00:00 0 
7d3e6000-7d41b000 rw-p 00000000 00:00 0 
7d41b000-7d4e1000 rw-p 00000000 00:00 0 
7d4e1000-7d55f000 rw-p 00000000 00:00 0 
7d55f000-7fd60000 rw-p 00000000 00:00 0 
7fd60000-85560000 rw-p 00000000 00:00 0 
85560000-8beb0000 rw-p 00000000 00:00 0 
8beb0000-a4c10000 rw-p 00000000 00:00 0 
a4c10000-b4760000 rw-p 00000000 00:00 0 
b4760000-b4761000 r--p 00000000 00:00 0 
b4761000-b4764000 r--s 0007d000 08:01 11846427   /usr/lib/jvm/java-6-openjdk/jre/lib/jsse.jar
b4764000-b4766000 r--s 00008000 08:01 11861677   /usr/share/java/classworlds-1.1-final.jar
b4766000-b4769000 r--s 0000f000 08:01 33351      /usr/lib/jvm/java-6-openjdk/jre/lib/ext/pulse-java.jar
b4769000-b476a000 r--p 002a7000 08:01 11764740   /usr/lib/locale/locale-archive
b476a000-b476c000 r--s 0001d000 08:01 11846442   /usr/lib/jvm/java-6-openjdk/jre/lib/plugin.jar
b476c000-b477d000 rw-p 00000000 00:00 0 
b477d000-b482c000 rw-p 00000000 00:00 0 
b482c000-b4c6c000 rwxp 00000000 00:00 0 
b4c6c000-b782c000 rw-p 00000000 00:00 0 
b782c000-b782f000 ---p 00000000 00:00 0 
b782f000-b7880000 rw-p 00000000 00:00 0 
b7880000-b7885000 r--s 00045000 08:01 11846441   /usr/lib/jvm/java-6-openjdk/jre/lib/netx.jar
b7885000-b788d000 rw-s 00000000 08:01 8880238    /tmp/hsperfdata_julien/2671
b788d000-b788e000 rw-p 00000000 00:00 0 
b788e000-b788f000 r--p 00000000 00:00 0 
b788f000-b7891000 rw-p 00000000 00:00 0 
bfb8c000-bfbad000 rw-p 00000000 00:00 0          [stack]

VM Arguments:
jvm_args: -Dclassworlds.conf=/usr/share/maven2/bin/m2.conf -Dmaven.home=/usr/share/maven2 
java_command: org.codehaus.classworlds.Launcher "clean" "install"
Launcher Type: SUN_STANDARD

Environment Variables:
PATH=/usr/local/sbin:/usr/local/bin:/usr/sbin:/usr/bin:/sbin:/bin:/usr/games
USERNAME=julien
LD_LIBRARY_PATH=/usr/lib/jvm/java-6-openjdk/jre/lib/i386/server:/usr/lib/jvm/java-6-openjdk/jre/lib/i386:/usr/lib/jvm/java-6-openjdk/jre/../lib/i386
SHELL=/bin/bash
DISPLAY=:0.0

Signal Handlers:
SIGSEGV: [libjvm.so+0x6498a0], sa_mask[0]=0x7ffbfeff, sa_flags=0x10000004
SIGBUS: [libjvm.so+0x6498a0], sa_mask[0]=0x7ffbfeff, sa_flags=0x10000004
SIGFPE: [libjvm.so+0x51bb40], sa_mask[0]=0x7ffbfeff, sa_flags=0x10000004
SIGPIPE: SIG_IGN, sa_mask[0]=0x00000000, sa_flags=0x00000000
SIGXFSZ: [libjvm.so+0x51bb40], sa_mask[0]=0x7ffbfeff, sa_flags=0x10000004
SIGILL: [libjvm.so+0x51bb40], sa_mask[0]=0x7ffbfeff, sa_flags=0x10000004
SIGUSR1: SIG_DFL, sa_mask[0]=0x00000000, sa_flags=0x00000000
SIGUSR2: [libjvm.so+0x51b1f0], sa_mask[0]=0x00000000, sa_flags=0x10000004
SIGHUP: [libjvm.so+0x51dd60], sa_mask[0]=0x7ffbfeff, sa_flags=0x10000004
SIGINT: [libjvm.so+0x51dd60], sa_mask[0]=0x7ffbfeff, sa_flags=0x10000004
SIGTERM: [libjvm.so+0x51dd60], sa_mask[0]=0x7ffbfeff, sa_flags=0x10000004
SIGQUIT: [libjvm.so+0x51dd60], sa_mask[0]=0x7ffbfeff, sa_flags=0x10000004


---------------  S Y S T E M  ---------------

OS:Ubuntu 10.10 (maverick)
uname:Linux 2.6.35-28-generic #50-Ubuntu SMP Fri Mar 18 19:00:26 UTC 2011 i686
libc:glibc 2.12.1 NPTL 2.12.1 
rlimit: STACK 8192k, CORE 0k, NPROC infinity, NOFILE 1024, AS infinity
load average:0.91 0.44 0.33

/proc/meminfo:
MemTotal:        3086564 kB
MemFree:          216196 kB
Buffers:          294888 kB
Cached:          1049604 kB
SwapCached:            0 kB
Active:          1600532 kB
Inactive:         998940 kB
Active(anon):    1177052 kB
Inactive(anon):   334968 kB
Active(file):     423480 kB
Inactive(file):   663972 kB
Unevictable:           0 kB
Mlocked:               0 kB
HighTotal:       2226824 kB
HighFree:          87700 kB
LowTotal:         859740 kB
LowFree:          128496 kB
SwapTotal:      33554428 kB
SwapFree:       33554428 kB
Dirty:               996 kB
Writeback:             0 kB
AnonPages:       1254992 kB
Mapped:           171824 kB
Shmem:            257040 kB
Slab:             201460 kB
SReclaimable:     187404 kB
SUnreclaim:        14056 kB
KernelStack:        3096 kB
PageTables:         8740 kB
NFS_Unstable:          0 kB
Bounce:                0 kB
WritebackTmp:          0 kB
CommitLimit:    35097708 kB
Committed_AS:    3355188 kB
VmallocTotal:     122880 kB
VmallocUsed:       39176 kB
VmallocChunk:      36108 kB
HardwareCorrupted:     0 kB
HugePages_Total:       0
HugePages_Free:        0
HugePages_Rsvd:        0
HugePages_Surp:        0
Hugepagesize:       4096 kB
DirectMap4k:       16376 kB
DirectMap4M:      892928 kB


CPU:total 2 (2 cores per cpu, 1 threads per core) family 6 model 23 stepping 6, cmov, cx8, fxsr, mmx, sse, sse2, sse3, ssse3

Memory: 4k page, physical 3086564k(216196k free), swap 33554428k(33554428k free)

vm_info: OpenJDK Server VM (19.0-b09) for linux-x86 JRE (1.6.0_20-b20), built on Nov 10 2011 10:36:30 by "buildd" with gcc 4.4.5

time: Wed Apr 25 09:51:18 2012
elapsed time: 132 seconds

